<?xml version="1.0" encoding="UTF-8"?>
<testng-results ignored="0" total="1" passed="1" failed="0" skipped="0">
  <reporter-output>
    <line>
      <![CDATA[Setting up reports for test !!]]>
    </line>
    <line>
      <![CDATA[Settings done for report - Test can begin !!]]>
    </line>
    <line>
      <![CDATA[Trying to start browser & Getting app ready!!]]>
    </line>
    <line>
      <![CDATA[Browser launched and App is up and running!!]]>
    </line>
    <line>
      <![CDATA[Test is about to end!!]]>
    </line>
    <line>
      <![CDATA[********** Screenshot Captured !!! **************]]>
    </line>
    <line>
      <![CDATA[Test completed >>> Reports are generated!!]]>
    </line>
    <line>
      <![CDATA[
****************  Browser closed   ********************
]]>
    </line>
  </reporter-output>
  <suite started-at="2021-12-01T23:11:38 IST" name="Default suite" finished-at="2021-12-01T23:12:03 IST" duration-ms="25117">
    <groups>
    </groups>
    <test started-at="2021-12-01T23:11:38 IST" name="Default test" finished-at="2021-12-01T23:12:03 IST" duration-ms="25117">
      <class name="com.automation.testcases.LoginTestCRM">
        <test-method is-config="true" signature="setUpSuite()[pri:0, instance:com.automation.testcases.LoginTestCRM@1f3f4916]" started-at="2021-12-01T23:11:37 IST" name="setUpSuite" finished-at="2021-12-01T23:11:38 IST" duration-ms="582" status="PASS">
          <reporter-output>
            <line>
              <![CDATA[Setting up reports for test !!]]>
            </line>
            <line>
              <![CDATA[Settings done for report - Test can begin !!]]>
            </line>
          </reporter-output>
        </test-method> <!-- setUpSuite -->
        <test-method is-config="true" signature="setUp()[pri:0, instance:com.automation.testcases.LoginTestCRM@1f3f4916]" started-at="2021-12-01T23:11:38 IST" name="setUp" finished-at="2021-12-01T23:11:44 IST" duration-ms="6074" status="PASS">
          <reporter-output>
            <line>
              <![CDATA[Trying to start browser & Getting app ready!!]]>
            </line>
            <line>
              <![CDATA[Browser launched and App is up and running!!]]>
            </line>
          </reporter-output>
        </test-method> <!-- setUp -->
        <test-method signature="loginApp()[pri:0, instance:com.automation.testcases.LoginTestCRM@1f3f4916]" started-at="2021-12-01T23:11:44 IST" name="loginApp" finished-at="2021-12-01T23:12:01 IST" duration-ms="17276" status="PASS">
          <reporter-output>
          </reporter-output>
        </test-method> <!-- loginApp -->
        <test-method is-config="true" signature="tearDownMethod(org.testng.ITestResult)[pri:0, instance:com.automation.testcases.LoginTestCRM@1f3f4916]" started-at="2021-12-01T23:12:01 IST" name="tearDownMethod" finished-at="2021-12-01T23:12:02 IST" duration-ms="610" status="PASS">
          <params>
            <param index="0">
              <value>
                <![CDATA[[TestResult name=loginApp status=SUCCESS method=LoginTestCRM.loginApp()[pri:0, instance:com.automation.testcases.LoginTestCRM@1f3f4916] output={null}]]]>
              </value>
            </param>
          </params>
          <reporter-output>
            <line>
              <![CDATA[Test is about to end!!]]>
            </line>
            <line>
              <![CDATA[********** Screenshot Captured !!! **************]]>
            </line>
            <line>
              <![CDATA[Test completed >>> Reports are generated!!]]>
            </line>
          </reporter-output>
        </test-method> <!-- tearDownMethod -->
        <test-method is-config="true" signature="tearDown()[pri:0, instance:com.automation.testcases.LoginTestCRM@1f3f4916]" started-at="2021-12-01T23:12:02 IST" name="tearDown" finished-at="2021-12-01T23:12:03 IST" duration-ms="1130" status="PASS">
          <reporter-output>
            <line>
              <![CDATA[
****************  Browser closed   ********************
]]>
            </line>
          </reporter-output>
        </test-method> <!-- tearDown -->
      </class> <!-- com.automation.testcases.LoginTestCRM -->
    </test> <!-- Default test -->
  </suite> <!-- Default suite -->
</testng-results>
